Performing binary classification on synthetic data
[ 6.04876002  0.60204075]
-0.224774422729
[ 6.04876002  0.60204075]
-0.224774422729
train acc: 0.997143, test acc: 1.000000
Performing binary classification on binarized MNIST
[  0.00000000e+00   0.00000000e+00   0.00000000e+00   0.00000000e+00
   0.00000000e+00   0.00000000e+00   0.00000000e+00   0.00000000e+00
   0.00000000e+00   0.00000000e+00   0.00000000e+00   0.00000000e+00
   0.00000000e+00   0.00000000e+00   0.00000000e+00   0.00000000e+00
   0.00000000e+00   0.00000000e+00   0.00000000e+00   0.00000000e+00
   0.00000000e+00   0.00000000e+00   0.00000000e+00   0.00000000e+00
   0.00000000e+00   0.00000000e+00   0.00000000e+00   0.00000000e+00
   0.00000000e+00   0.00000000e+00   0.00000000e+00   0.00000000e+00
   0.00000000e+00   0.00000000e+00   0.00000000e+00  -1.26495838e-04
   3.16228487e-03   5.95791867e-02   5.50376237e-02   6.48669325e-02
   7.33817687e-02   3.54387763e-02   7.07503797e-02   9.65110971e-04
   2.82757871e-03   4.44533652e-02   4.48688191e-02   1.98138119e-02
   6.13134263e-03   0.00000000e+00   0.00000000e+00   0.00000000e+00
   0.00000000e+00   0.00000000e+00   0.00000000e+00   0.00000000e+00
   0.00000000e+00   0.00000000e+00   0.00000000e+00   0.00000000e+00
   0.00000000e+00   0.00000000e+00   1.20945849e-02   7.64308446e-02
   1.64989329e-01   4.36784858e-01   5.90592718e-01   5.71232166e-01
   6.42970299e-01   5.36873276e-01   3.90617215e-01   4.54990709e-01
   4.95647421e-01   4.38908824e-01   3.68590943e-01   3.56344480e-01
   3.90609652e-01   2.49731352e-01   9.48446103e-02   8.43019223e-04
   0.00000000e+00   0.00000000e+00   0.00000000e+00   0.00000000e+00
   0.00000000e+00   0.00000000e+00   0.00000000e+00   0.00000000e+00
   0.00000000e+00  -1.50023081e-03   2.17948520e-02   1.49987625e-01
   2.80540847e-01   3.47900005e-01   3.01156433e-01   1.85164357e-01
   2.42062605e-01   1.69019895e-01   2.18829976e-01   5.59512692e-01
   5.45441504e-01   4.88060454e-01   5.31019781e-01   7.14681972e-01
   6.78622852e-01   5.60886208e-01   3.31176004e-01   1.10621550e-01
   5.57016043e-02   0.00000000e+00   0.00000000e+00   0.00000000e+00
   0.00000000e+00   0.00000000e+00   0.00000000e+00   0.00000000e+00
  -6.84979037e-03  -1.17334110e-01  -9.17179258e-02   2.42827475e-02
  -3.24302049e-02   1.28953843e-01   2.91712964e-01   1.24480389e-01
  -4.95637226e-02  -5.95235041e-02  -2.88118201e-01  -1.86467270e-01
  -1.92557335e-01  -8.61812951e-02   1.93055880e-01   1.15827701e-01
   1.59754395e-01   3.84261341e-01   2.54162308e-01   2.78363115e-01
   1.09973610e-01   4.83583352e-02   6.02704773e-02   1.32561953e-02
   0.00000000e+00   0.00000000e+00   7.47147647e-03  -2.39798466e-02
  -9.80189672e-02  -2.03440395e-01  -2.11790869e-01  -9.46338565e-02
  -4.96987869e-02  -3.91475654e-02  -5.17223152e-01  -1.33773760e-01
   6.61042705e-02  -1.30210045e-02   2.96803448e-02  -7.32001104e-02
  -4.83854827e-02  -1.49191570e-01  -1.78103010e-01   1.39362045e-01
  -9.43095898e-03   2.01124481e-01   2.67777532e-01   1.13181708e-01
   1.16119075e-01   2.98436076e-02   5.46537418e-02   1.95686692e-02
   0.00000000e+00   0.00000000e+00   7.98391954e-03  -9.55025724e-02
  -1.93924932e-01  -9.10294326e-02  -2.13527254e-01  -2.79891119e-02
   2.25496728e-01  -2.79808855e-01  -2.83423803e-01   3.33533520e-02
  -6.55136212e-02   2.28208264e-01  -4.90764593e-04  -5.85301138e-02
   1.98643990e-01   8.63310136e-02  -3.03045835e-03  -2.12117698e-01
  -1.11624968e-01  -1.15555732e-01   2.70923477e-01   2.35679218e-01
   1.51637711e-01   1.37891407e-01   3.60903846e-02   3.12424712e-02
   0.00000000e+00  -4.04930776e-03   1.11660818e-02  -4.33511506e-02
  -5.78730899e-02  -1.22229107e-02  -1.93103374e-01   4.23744066e-01
   1.84476041e-01   2.75443682e-01   2.91520608e-01   3.80364765e-01
  -1.28689790e-01   2.23102793e-02   1.05520829e-01   1.54091833e-01
   6.31414617e-02   1.23523434e-01  -2.21569385e-02  -4.24776390e-01
   1.13951371e-01   5.13487094e-02   6.36929558e-03   2.10617032e-01
   6.44128996e-01   2.87632708e-01  -2.60289062e-02   9.20514990e-03
   0.00000000e+00  -3.00608544e-03   4.57496981e-02   9.28834669e-02
  -2.51127152e-02  -3.80036696e-01  -3.48837669e-01   3.44279263e-01
  -3.84832224e-02   2.28321205e-01   1.62299196e-01  -4.24897419e-02
   7.43276847e-02  -1.29770413e-02   2.34402211e-01  -8.13883661e-02
  -2.98963215e-02  -1.47797372e-01  -1.25549981e-01  -3.17777209e-02
   1.69806146e-01   1.63014410e-02  -3.84214420e-01   2.86687839e-01
   9.35522181e-01   5.54780654e-01   7.44759678e-03   1.42421173e-03
   0.00000000e+00  -4.24841124e-03   1.09202802e-01   4.78375499e-02
   9.92379242e-02  -1.02819298e-01   8.82214766e-03   2.73366181e-01
  -4.97467207e-02   2.18545206e-01   2.28242758e-01   3.58598000e-01
   8.99839796e-03   3.00074462e-01  -8.17341901e-02  -2.02461556e-01
  -3.78090195e-01  -1.12740581e-01  -1.87743120e-01  -2.45285928e-01
   1.62554602e-02  -9.94442915e-02  -4.47446801e-02   2.38948096e-01
   9.85009200e-01   7.14600275e-01   3.65195991e-02   2.44819240e-03
   0.00000000e+00   2.97739656e-04   3.65812368e-02  -4.36197642e-02
   3.21986736e-01   2.55540498e-01   6.08439817e-01   2.19794441e-01
   1.35979203e-01   1.99229754e-02   3.31122805e-01   4.50525439e-01
   1.19484572e-01   4.21539945e-01   1.28064228e-01  -2.81322260e-01
   7.25742198e-03  -1.25673430e-01  -7.75415876e-02  -2.02472878e-03
  -2.24480822e-01   1.22318288e-02  -1.95383864e-01   3.37772986e-01
   6.33652596e-01   6.70564779e-01   8.99832730e-02   1.79758484e-03
   0.00000000e+00   6.78954602e-03   2.31356172e-02   5.59175627e-02
   2.68643676e-01   4.50935573e-01   3.73704778e-01   4.86332705e-01
   3.24036484e-01   3.96231844e-01   5.96983053e-01   1.96125637e-01
   2.08602483e-01   3.54324076e-01  -3.37344087e-01  -4.47444502e-01
   1.43173193e-01  -3.19076337e-01  -1.11353411e-01  -4.47726997e-01
  -2.07113064e-01  -8.24769733e-02  -3.46787408e-01  -2.62926613e-01
   2.11872815e-01   2.31359735e-01  -9.99270984e-03   0.00000000e+00
   0.00000000e+00   8.80549781e-03   1.66960382e-02   1.97019605e-01
   3.13220785e-01   4.55825473e-01   2.73175179e-01   3.35236892e-01
   3.78308944e-01   1.93102657e-01  -2.76209847e-01   4.08007806e-01
   5.90092797e-01   3.84116429e-01  -7.69196924e-02  -1.62624570e-01
  -2.93152370e-02   6.48037415e-02   2.84581200e-01  -9.31891332e-02
   3.72902348e-01   7.93799998e-03  -3.13864668e-02  -1.00580950e-01
  -2.08199809e-03   8.63269167e-04  -7.89945731e-02   0.00000000e+00
  -1.06846304e-03   1.30406041e-03   9.59125423e-03   2.34591255e-01
   2.76762193e-01   2.72245515e-01   4.19817732e-02  -2.25337171e-02
   8.81068220e-02  -1.36916655e-01  -2.75092197e-01   1.36404243e-01
   3.79142826e-01  -2.33132837e-01  -2.16684009e-01   6.11738891e-01
   2.29359226e-01  -4.00065256e-02   3.00820950e-01   1.02078930e-01
   1.35720068e-01   1.28826210e-02  -4.14784076e-02  -4.34784303e-02
  -1.87197115e-01  -1.07658731e-01  -1.70381325e-01   0.00000000e+00
   0.00000000e+00   0.00000000e+00   2.34190494e-04   1.09224046e-01
   9.85827505e-02  -2.11553345e-01  -4.01738005e-01  -1.51807855e-01
  -3.27578807e-01  -9.90386342e-02  -1.91058258e-01   1.22943234e-01
   6.30583427e-01  -3.83401699e-01   1.07700800e-01  -1.99008810e-01
   2.12193864e-01   8.40527269e-03   5.33405313e-02  -2.08909343e-01
  -1.55045445e-01  -4.40114930e-01  -9.84555407e-02   1.84378383e-03
  -4.35054305e-02  -7.48340352e-02  -1.65683396e-01   0.00000000e+00
   0.00000000e+00   0.00000000e+00  -8.87890284e-03   2.95662041e-02
  -2.35680368e-01  -3.00782000e-01  -3.15052881e-01  -7.03357691e-01
  -2.06321463e-01  -3.38361945e-01   9.67102116e-02  -1.76298365e-01
   3.28387191e-01  -3.58761895e-01  -3.22062389e-01   2.07011925e-01
   9.85363675e-02   9.72691676e-03  -6.08658960e-03  -4.56457540e-01
  -8.97725477e-03  -3.55799687e-02  -4.37850450e-02  -5.78956160e-02
   8.80431351e-02   6.85631752e-02  -9.86194362e-02   0.00000000e+00
   0.00000000e+00   0.00000000e+00  -7.43795285e-03   1.89584166e-02
  -1.38565816e-01  -3.36541377e-01  -1.06287823e-01  -2.46658183e-01
  -9.42740979e-03   1.88573412e-02  -7.31386891e-02   2.42278422e-01
   1.85080324e-01   2.65231656e-02  -5.20527266e-02   1.84819047e-02
   2.49588435e-01  -1.54746001e-01  -2.08262409e-01  -3.41955574e-01
  -3.98865174e-02  -1.02063422e-01   2.08315974e-01   7.12392136e-02
   6.37923669e-02  -2.76529948e-02  -5.00728638e-02   0.00000000e+00
   0.00000000e+00   0.00000000e+00   3.58231738e-03  -3.97967114e-02
   4.49620850e-02  -2.27154845e-01   3.14045398e-02  -4.01681393e-01
   1.19026216e-01  -3.06951986e-02   9.97923996e-03   2.87682169e-01
  -3.34106260e-01   5.07424632e-03  -1.86182832e-01  -1.79791747e-01
  -1.94979642e-01  -5.09695337e-02   2.78595027e-03   1.75666042e-01
  -6.54767073e-03  -3.39389785e-02   1.71427694e-01  -1.29027056e-01
  -2.69273071e-01  -2.04635390e-01  -8.70011905e-02  -4.46778791e-03
   0.00000000e+00   0.00000000e+00   1.15773304e-02  -1.34809687e-01
   9.46913431e-04  -4.65740173e-01   1.03234703e-01  -2.65580837e-01
  -1.44490504e-01   2.10707702e-01   3.51909451e-01   3.57048548e-01
   4.91049719e-02  -4.07614203e-01   1.08371865e-01  -6.42021652e-02
  -5.41705094e-02   8.72253625e-02   7.05743178e-02  -2.97649666e-01
  -2.71791856e-02  -2.35425664e-01   1.04179221e-01  -4.65266137e-01
  -4.34349728e-01  -1.47105219e-01  -2.65510732e-02  -1.48926264e-03
   0.00000000e+00   0.00000000e+00  -1.27768312e-02  -2.47096649e-01
  -2.83979700e-01  -1.89950739e-01   2.21192163e-01   1.95136418e-01
   1.66447236e-01   9.94196877e-02   1.47231107e-01   3.71444196e-01
   6.14157251e-01  -4.79184941e-01  -1.94376215e-01  -2.15460198e-01
   2.28429263e-01  -1.11489406e-01  -4.29238432e-01   6.46533259e-02
  -3.88337888e-02  -3.10661245e-02  -2.10069534e-01  -6.39299575e-01
  -5.42545434e-01  -1.48288365e-01  -4.39685804e-02   0.00000000e+00
   0.00000000e+00   0.00000000e+00  -2.03830616e-03  -2.14072922e-01
  -4.62973772e-01  -1.43010760e-01  -2.34535876e-01   2.99655083e-01
  -1.27438639e-01  -1.14030672e-01  -1.31366756e-01  -8.17525328e-02
  -1.93618016e-02   2.75699945e-01  -1.07666921e-01  -2.22155946e-01
  -3.13855283e-01  -2.14862558e-01   1.09589551e-01  -3.21644097e-01
  -2.71076906e-03  -4.46777453e-02  -2.51758444e-01  -3.49755848e-01
  -3.58280609e-01  -1.57376666e-01  -2.92288663e-02   0.00000000e+00
   0.00000000e+00   0.00000000e+00  -3.61510396e-03  -1.35209755e-01
  -3.31586528e-01   3.76149323e-02  -1.10723103e-02  -6.68409579e-03
  -2.31143361e-02  -2.55151363e-01   6.49093360e-02   6.88026941e-02
   6.67975999e-02   2.99294322e-01   1.29460464e-01  -4.98678204e-02
   2.31941630e-01   5.91641097e-02  -1.10398147e-01  -2.23965915e-01
  -4.36204148e-02  -2.44559058e-01  -2.12922586e-01  -2.03411004e-01
  -1.76439975e-01  -6.19471607e-02  -2.14087739e-02   0.00000000e+00
   0.00000000e+00   0.00000000e+00  -5.85903843e-03  -1.05892388e-01
  -2.22202325e-01  -1.07552955e-01  -2.57583518e-01  -1.72583510e-01
   2.88676336e-01   6.67933236e-02  -7.81324343e-02   5.19746989e-02
  -2.23427527e-01  -3.42400062e-01   1.16760685e-01  -7.96708567e-02
  -1.77275878e-01  -2.60722029e-01   5.59139036e-02  -1.00549821e-01
   1.24112458e-01  -1.66951705e-01  -1.19762517e-01  -1.60368381e-01
  -1.25405434e-01  -7.95189384e-02  -1.61323251e-02   0.00000000e+00
   0.00000000e+00   0.00000000e+00  -3.57220389e-03   2.19954811e-02
  -5.48390166e-03  -1.51552515e-01  -1.40517840e-01  -2.48413298e-01
  -1.28820798e-01  -1.35243522e-01  -9.69558290e-02   2.29532739e-01
   1.23054477e-01   2.58390610e-01  -9.39714938e-02  -2.71949428e-01
   1.30656416e-01   9.04842012e-02  -2.85379480e-01  -6.03329390e-02
   3.90538315e-01   2.68192265e-01   1.25727810e-01   1.67754051e-02
  -3.12880121e-02  -2.85812173e-02   0.00000000e+00   0.00000000e+00
   0.00000000e+00   0.00000000e+00   0.00000000e+00   2.08861584e-02
  -1.35771575e-02  -8.53899902e-02   1.33137109e-01   3.83707543e-01
   1.59128045e-01  -4.73143890e-02   1.59926672e-01  -1.37875727e-01
   1.63961339e-01  -1.49735055e-01  -6.27337228e-02   1.72583277e-01
  -7.24973782e-02   1.28565924e-03   1.88516783e-02   2.89551804e-01
   4.20535767e-01   2.85879970e-01   1.05168699e-01   1.46998392e-01
   5.55597753e-02  -2.23822304e-03   0.00000000e+00   0.00000000e+00
   0.00000000e+00   0.00000000e+00   0.00000000e+00   1.18177309e-02
   4.59970990e-02   7.62170106e-02   3.16950342e-01   4.91063694e-01
   3.84796316e-01   6.13370715e-01   6.50315676e-01   8.65321867e-01
   6.72812299e-01   6.04742106e-01   8.54863212e-01   6.64754545e-01
   4.22520253e-01   8.08906259e-01   8.38579793e-01   7.60866996e-01
   4.97990114e-01   2.04758886e-01   5.05527547e-02   3.24338221e-03
   2.00271267e-02   0.00000000e+00   0.00000000e+00   0.00000000e+00
   0.00000000e+00   0.00000000e+00   0.00000000e+00   0.00000000e+00
   3.60580546e-03   7.45468538e-02   1.05907362e-01   1.32519984e-01
   2.79627788e-01   5.68334801e-01   5.78984457e-01   6.08597396e-01
   6.43408024e-01   8.31091517e-01   7.92057756e-01   6.60957929e-01
   6.03113767e-01   5.75600157e-01   4.11954644e-01   2.82871336e-01
   3.02921363e-01   1.32233931e-01   4.61681613e-03  -3.01691498e-02
  -8.08102227e-04   0.00000000e+00   0.00000000e+00   0.00000000e+00
   0.00000000e+00   0.00000000e+00   0.00000000e+00   0.00000000e+00
   0.00000000e+00   0.00000000e+00   5.35484609e-03   2.44755882e-02
   2.31440027e-02   8.13666302e-02   6.84363327e-02   4.68978275e-02
   1.37791088e-01   9.15979734e-02   1.00030564e-01   5.34891887e-02
   2.20726306e-02   4.20297453e-02   5.13342236e-02   6.38608861e-03
   3.99838839e-02   7.70305323e-03   0.00000000e+00   0.00000000e+00
   0.00000000e+00   0.00000000e+00   0.00000000e+00   0.00000000e+00]
-1.23521714108
[  0.00000000e+00   0.00000000e+00   0.00000000e+00   0.00000000e+00
   0.00000000e+00   0.00000000e+00   0.00000000e+00   0.00000000e+00
   0.00000000e+00   0.00000000e+00   0.00000000e+00   0.00000000e+00
   0.00000000e+00   0.00000000e+00   0.00000000e+00   0.00000000e+00
   0.00000000e+00   0.00000000e+00   0.00000000e+00   0.00000000e+00
   0.00000000e+00   0.00000000e+00   0.00000000e+00   0.00000000e+00
   0.00000000e+00   0.00000000e+00   0.00000000e+00   0.00000000e+00
   0.00000000e+00   0.00000000e+00   0.00000000e+00   0.00000000e+00
   0.00000000e+00   0.00000000e+00   0.00000000e+00  -1.26495838e-04
   3.16228487e-03   5.95791867e-02   5.50376237e-02   6.48669325e-02
   7.33817687e-02   3.54387763e-02   7.07503797e-02   9.65110971e-04
   2.82757871e-03   4.44533652e-02   4.48688191e-02   1.98138119e-02
   6.13134263e-03   0.00000000e+00   0.00000000e+00   0.00000000e+00
   0.00000000e+00   0.00000000e+00   0.00000000e+00   0.00000000e+00
   0.00000000e+00   0.00000000e+00   0.00000000e+00   0.00000000e+00
   0.00000000e+00   0.00000000e+00   1.20945849e-02   7.64308446e-02
   1.64989329e-01   4.36784858e-01   5.90592718e-01   5.71232166e-01
   6.42970299e-01   5.36873276e-01   3.90617215e-01   4.54990709e-01
   4.95647421e-01   4.38908824e-01   3.68590943e-01   3.56344480e-01
   3.90609652e-01   2.49731352e-01   9.48446103e-02   8.43019223e-04
   0.00000000e+00   0.00000000e+00   0.00000000e+00   0.00000000e+00
   0.00000000e+00   0.00000000e+00   0.00000000e+00   0.00000000e+00
   0.00000000e+00  -1.50023081e-03   2.17948520e-02   1.49987625e-01
   2.80540847e-01   3.47900005e-01   3.01156433e-01   1.85164357e-01
   2.42062605e-01   1.69019895e-01   2.18829976e-01   5.59512692e-01
   5.45441504e-01   4.88060454e-01   5.31019781e-01   7.14681972e-01
   6.78622852e-01   5.60886208e-01   3.31176004e-01   1.10621550e-01
   5.57016043e-02   0.00000000e+00   0.00000000e+00   0.00000000e+00
   0.00000000e+00   0.00000000e+00   0.00000000e+00   0.00000000e+00
  -6.84979037e-03  -1.17334110e-01  -9.17179258e-02   2.42827475e-02
  -3.24302049e-02   1.28953843e-01   2.91712964e-01   1.24480389e-01
  -4.95637226e-02  -5.95235041e-02  -2.88118201e-01  -1.86467270e-01
  -1.92557335e-01  -8.61812951e-02   1.93055880e-01   1.15827701e-01
   1.59754395e-01   3.84261341e-01   2.54162308e-01   2.78363115e-01
   1.09973610e-01   4.83583352e-02   6.02704773e-02   1.32561953e-02
   0.00000000e+00   0.00000000e+00   7.47147647e-03  -2.39798466e-02
  -9.80189672e-02  -2.03440395e-01  -2.11790869e-01  -9.46338565e-02
  -4.96987869e-02  -3.91475654e-02  -5.17223152e-01  -1.33773760e-01
   6.61042705e-02  -1.30210045e-02   2.96803448e-02  -7.32001104e-02
  -4.83854827e-02  -1.49191570e-01  -1.78103010e-01   1.39362045e-01
  -9.43095898e-03   2.01124481e-01   2.67777532e-01   1.13181708e-01
   1.16119075e-01   2.98436076e-02   5.46537418e-02   1.95686692e-02
   0.00000000e+00   0.00000000e+00   7.98391954e-03  -9.55025724e-02
  -1.93924932e-01  -9.10294326e-02  -2.13527254e-01  -2.79891119e-02
   2.25496728e-01  -2.79808855e-01  -2.83423803e-01   3.33533520e-02
  -6.55136212e-02   2.28208264e-01  -4.90764593e-04  -5.85301138e-02
   1.98643990e-01   8.63310136e-02  -3.03045835e-03  -2.12117698e-01
  -1.11624968e-01  -1.15555732e-01   2.70923477e-01   2.35679218e-01
   1.51637711e-01   1.37891407e-01   3.60903846e-02   3.12424712e-02
   0.00000000e+00  -4.04930776e-03   1.11660818e-02  -4.33511506e-02
  -5.78730899e-02  -1.22229107e-02  -1.93103374e-01   4.23744066e-01
   1.84476041e-01   2.75443682e-01   2.91520608e-01   3.80364765e-01
  -1.28689790e-01   2.23102793e-02   1.05520829e-01   1.54091833e-01
   6.31414617e-02   1.23523434e-01  -2.21569385e-02  -4.24776390e-01
   1.13951371e-01   5.13487094e-02   6.36929558e-03   2.10617032e-01
   6.44128996e-01   2.87632708e-01  -2.60289062e-02   9.20514990e-03
   0.00000000e+00  -3.00608544e-03   4.57496981e-02   9.28834669e-02
  -2.51127152e-02  -3.80036696e-01  -3.48837669e-01   3.44279263e-01
  -3.84832224e-02   2.28321205e-01   1.62299196e-01  -4.24897419e-02
   7.43276847e-02  -1.29770413e-02   2.34402211e-01  -8.13883661e-02
  -2.98963215e-02  -1.47797372e-01  -1.25549981e-01  -3.17777209e-02
   1.69806146e-01   1.63014410e-02  -3.84214420e-01   2.86687839e-01
   9.35522181e-01   5.54780654e-01   7.44759678e-03   1.42421173e-03
   0.00000000e+00  -4.24841124e-03   1.09202802e-01   4.78375499e-02
   9.92379242e-02  -1.02819298e-01   8.82214766e-03   2.73366181e-01
  -4.97467207e-02   2.18545206e-01   2.28242758e-01   3.58598000e-01
   8.99839796e-03   3.00074462e-01  -8.17341901e-02  -2.02461556e-01
  -3.78090195e-01  -1.12740581e-01  -1.87743120e-01  -2.45285928e-01
   1.62554602e-02  -9.94442915e-02  -4.47446801e-02   2.38948096e-01
   9.85009200e-01   7.14600275e-01   3.65195991e-02   2.44819240e-03
   0.00000000e+00   2.97739656e-04   3.65812368e-02  -4.36197642e-02
   3.21986736e-01   2.55540498e-01   6.08439817e-01   2.19794441e-01
   1.35979203e-01   1.99229754e-02   3.31122805e-01   4.50525439e-01
   1.19484572e-01   4.21539945e-01   1.28064228e-01  -2.81322260e-01
   7.25742198e-03  -1.25673430e-01  -7.75415876e-02  -2.02472878e-03
  -2.24480822e-01   1.22318288e-02  -1.95383864e-01   3.37772986e-01
   6.33652596e-01   6.70564779e-01   8.99832730e-02   1.79758484e-03
   0.00000000e+00   6.78954602e-03   2.31356172e-02   5.59175627e-02
   2.68643676e-01   4.50935573e-01   3.73704778e-01   4.86332705e-01
   3.24036484e-01   3.96231844e-01   5.96983053e-01   1.96125637e-01
   2.08602483e-01   3.54324076e-01  -3.37344087e-01  -4.47444502e-01
   1.43173193e-01  -3.19076337e-01  -1.11353411e-01  -4.47726997e-01
  -2.07113064e-01  -8.24769733e-02  -3.46787408e-01  -2.62926613e-01
   2.11872815e-01   2.31359735e-01  -9.99270984e-03   0.00000000e+00
   0.00000000e+00   8.80549781e-03   1.66960382e-02   1.97019605e-01
   3.13220785e-01   4.55825473e-01   2.73175179e-01   3.35236892e-01
   3.78308944e-01   1.93102657e-01  -2.76209847e-01   4.08007806e-01
   5.90092797e-01   3.84116429e-01  -7.69196924e-02  -1.62624570e-01
  -2.93152370e-02   6.48037415e-02   2.84581200e-01  -9.31891332e-02
   3.72902348e-01   7.93799998e-03  -3.13864668e-02  -1.00580950e-01
  -2.08199809e-03   8.63269167e-04  -7.89945731e-02   0.00000000e+00
  -1.06846304e-03   1.30406041e-03   9.59125423e-03   2.34591255e-01
   2.76762193e-01   2.72245515e-01   4.19817732e-02  -2.25337171e-02
   8.81068220e-02  -1.36916655e-01  -2.75092197e-01   1.36404243e-01
   3.79142826e-01  -2.33132837e-01  -2.16684009e-01   6.11738891e-01
   2.29359226e-01  -4.00065256e-02   3.00820950e-01   1.02078930e-01
   1.35720068e-01   1.28826210e-02  -4.14784076e-02  -4.34784303e-02
  -1.87197115e-01  -1.07658731e-01  -1.70381325e-01   0.00000000e+00
   0.00000000e+00   0.00000000e+00   2.34190494e-04   1.09224046e-01
   9.85827505e-02  -2.11553345e-01  -4.01738005e-01  -1.51807855e-01
  -3.27578807e-01  -9.90386342e-02  -1.91058258e-01   1.22943234e-01
   6.30583427e-01  -3.83401699e-01   1.07700800e-01  -1.99008810e-01
   2.12193864e-01   8.40527269e-03   5.33405313e-02  -2.08909343e-01
  -1.55045445e-01  -4.40114930e-01  -9.84555407e-02   1.84378383e-03
  -4.35054305e-02  -7.48340352e-02  -1.65683396e-01   0.00000000e+00
   0.00000000e+00   0.00000000e+00  -8.87890284e-03   2.95662041e-02
  -2.35680368e-01  -3.00782000e-01  -3.15052881e-01  -7.03357691e-01
  -2.06321463e-01  -3.38361945e-01   9.67102116e-02  -1.76298365e-01
   3.28387191e-01  -3.58761895e-01  -3.22062389e-01   2.07011925e-01
   9.85363675e-02   9.72691676e-03  -6.08658960e-03  -4.56457540e-01
  -8.97725477e-03  -3.55799687e-02  -4.37850450e-02  -5.78956160e-02
   8.80431351e-02   6.85631752e-02  -9.86194362e-02   0.00000000e+00
   0.00000000e+00   0.00000000e+00  -7.43795285e-03   1.89584166e-02
  -1.38565816e-01  -3.36541377e-01  -1.06287823e-01  -2.46658183e-01
  -9.42740979e-03   1.88573412e-02  -7.31386891e-02   2.42278422e-01
   1.85080324e-01   2.65231656e-02  -5.20527266e-02   1.84819047e-02
   2.49588435e-01  -1.54746001e-01  -2.08262409e-01  -3.41955574e-01
  -3.98865174e-02  -1.02063422e-01   2.08315974e-01   7.12392136e-02
   6.37923669e-02  -2.76529948e-02  -5.00728638e-02   0.00000000e+00
   0.00000000e+00   0.00000000e+00   3.58231738e-03  -3.97967114e-02
   4.49620850e-02  -2.27154845e-01   3.14045398e-02  -4.01681393e-01
   1.19026216e-01  -3.06951986e-02   9.97923996e-03   2.87682169e-01
  -3.34106260e-01   5.07424632e-03  -1.86182832e-01  -1.79791747e-01
  -1.94979642e-01  -5.09695337e-02   2.78595027e-03   1.75666042e-01
  -6.54767073e-03  -3.39389785e-02   1.71427694e-01  -1.29027056e-01
  -2.69273071e-01  -2.04635390e-01  -8.70011905e-02  -4.46778791e-03
   0.00000000e+00   0.00000000e+00   1.15773304e-02  -1.34809687e-01
   9.46913431e-04  -4.65740173e-01   1.03234703e-01  -2.65580837e-01
  -1.44490504e-01   2.10707702e-01   3.51909451e-01   3.57048548e-01
   4.91049719e-02  -4.07614203e-01   1.08371865e-01  -6.42021652e-02
  -5.41705094e-02   8.72253625e-02   7.05743178e-02  -2.97649666e-01
  -2.71791856e-02  -2.35425664e-01   1.04179221e-01  -4.65266137e-01
  -4.34349728e-01  -1.47105219e-01  -2.65510732e-02  -1.48926264e-03
   0.00000000e+00   0.00000000e+00  -1.27768312e-02  -2.47096649e-01
  -2.83979700e-01  -1.89950739e-01   2.21192163e-01   1.95136418e-01
   1.66447236e-01   9.94196877e-02   1.47231107e-01   3.71444196e-01
   6.14157251e-01  -4.79184941e-01  -1.94376215e-01  -2.15460198e-01
   2.28429263e-01  -1.11489406e-01  -4.29238432e-01   6.46533259e-02
  -3.88337888e-02  -3.10661245e-02  -2.10069534e-01  -6.39299575e-01
  -5.42545434e-01  -1.48288365e-01  -4.39685804e-02   0.00000000e+00
   0.00000000e+00   0.00000000e+00  -2.03830616e-03  -2.14072922e-01
  -4.62973772e-01  -1.43010760e-01  -2.34535876e-01   2.99655083e-01
  -1.27438639e-01  -1.14030672e-01  -1.31366756e-01  -8.17525328e-02
  -1.93618016e-02   2.75699945e-01  -1.07666921e-01  -2.22155946e-01
  -3.13855283e-01  -2.14862558e-01   1.09589551e-01  -3.21644097e-01
  -2.71076906e-03  -4.46777453e-02  -2.51758444e-01  -3.49755848e-01
  -3.58280609e-01  -1.57376666e-01  -2.92288663e-02   0.00000000e+00
   0.00000000e+00   0.00000000e+00  -3.61510396e-03  -1.35209755e-01
  -3.31586528e-01   3.76149323e-02  -1.10723103e-02  -6.68409579e-03
  -2.31143361e-02  -2.55151363e-01   6.49093360e-02   6.88026941e-02
   6.67975999e-02   2.99294322e-01   1.29460464e-01  -4.98678204e-02
   2.31941630e-01   5.91641097e-02  -1.10398147e-01  -2.23965915e-01
  -4.36204148e-02  -2.44559058e-01  -2.12922586e-01  -2.03411004e-01
  -1.76439975e-01  -6.19471607e-02  -2.14087739e-02   0.00000000e+00
   0.00000000e+00   0.00000000e+00  -5.85903843e-03  -1.05892388e-01
  -2.22202325e-01  -1.07552955e-01  -2.57583518e-01  -1.72583510e-01
   2.88676336e-01   6.67933236e-02  -7.81324343e-02   5.19746989e-02
  -2.23427527e-01  -3.42400062e-01   1.16760685e-01  -7.96708567e-02
  -1.77275878e-01  -2.60722029e-01   5.59139036e-02  -1.00549821e-01
   1.24112458e-01  -1.66951705e-01  -1.19762517e-01  -1.60368381e-01
  -1.25405434e-01  -7.95189384e-02  -1.61323251e-02   0.00000000e+00
   0.00000000e+00   0.00000000e+00  -3.57220389e-03   2.19954811e-02
  -5.48390166e-03  -1.51552515e-01  -1.40517840e-01  -2.48413298e-01
  -1.28820798e-01  -1.35243522e-01  -9.69558290e-02   2.29532739e-01
   1.23054477e-01   2.58390610e-01  -9.39714938e-02  -2.71949428e-01
   1.30656416e-01   9.04842012e-02  -2.85379480e-01  -6.03329390e-02
   3.90538315e-01   2.68192265e-01   1.25727810e-01   1.67754051e-02
  -3.12880121e-02  -2.85812173e-02   0.00000000e+00   0.00000000e+00
   0.00000000e+00   0.00000000e+00   0.00000000e+00   2.08861584e-02
  -1.35771575e-02  -8.53899902e-02   1.33137109e-01   3.83707543e-01
   1.59128045e-01  -4.73143890e-02   1.59926672e-01  -1.37875727e-01
   1.63961339e-01  -1.49735055e-01  -6.27337228e-02   1.72583277e-01
  -7.24973782e-02   1.28565924e-03   1.88516783e-02   2.89551804e-01
   4.20535767e-01   2.85879970e-01   1.05168699e-01   1.46998392e-01
   5.55597753e-02  -2.23822304e-03   0.00000000e+00   0.00000000e+00
   0.00000000e+00   0.00000000e+00   0.00000000e+00   1.18177309e-02
   4.59970990e-02   7.62170106e-02   3.16950342e-01   4.91063694e-01
   3.84796316e-01   6.13370715e-01   6.50315676e-01   8.65321867e-01
   6.72812299e-01   6.04742106e-01   8.54863212e-01   6.64754545e-01
   4.22520253e-01   8.08906259e-01   8.38579793e-01   7.60866996e-01
   4.97990114e-01   2.04758886e-01   5.05527547e-02   3.24338221e-03
   2.00271267e-02   0.00000000e+00   0.00000000e+00   0.00000000e+00
   0.00000000e+00   0.00000000e+00   0.00000000e+00   0.00000000e+00
   3.60580546e-03   7.45468538e-02   1.05907362e-01   1.32519984e-01
   2.79627788e-01   5.68334801e-01   5.78984457e-01   6.08597396e-01
   6.43408024e-01   8.31091517e-01   7.92057756e-01   6.60957929e-01
   6.03113767e-01   5.75600157e-01   4.11954644e-01   2.82871336e-01
   3.02921363e-01   1.32233931e-01   4.61681613e-03  -3.01691498e-02
  -8.08102227e-04   0.00000000e+00   0.00000000e+00   0.00000000e+00
   0.00000000e+00   0.00000000e+00   0.00000000e+00   0.00000000e+00
   0.00000000e+00   0.00000000e+00   5.35484609e-03   2.44755882e-02
   2.31440027e-02   8.13666302e-02   6.84363327e-02   4.68978275e-02
   1.37791088e-01   9.15979734e-02   1.00030564e-01   5.34891887e-02
   2.20726306e-02   4.20297453e-02   5.13342236e-02   6.38608861e-03
   3.99838839e-02   7.70305323e-03   0.00000000e+00   0.00000000e+00
   0.00000000e+00   0.00000000e+00   0.00000000e+00   0.00000000e+00]
-1.23521714108
train acc: 0.844600, test acc: 0.809000
